[2023-02-06 21:08:26 UTC-05:00] [23988] init.lua:35: attempt to call a table value
stack traceback:
	init.lua:35: in function 'callback'
	...plugins\cyber_engine_tweaks\mods\flaglog\GameSession.lua:222: in function 'notifyObservers'
	...plugins\cyber_engine_tweaks\mods\flaglog\GameSession.lua:588: in function <...plugins\cyber_engine_tweaks\mods\flaglog\GameSession.lua:580>
[2023-02-06 21:26:38 UTC-05:00] [23988] init.lua:39: attempt to call a table value
stack traceback:
	init.lua:39: in function 'callback'
	...plugins\cyber_engine_tweaks\mods\flaglog\GameSession.lua:222: in function 'notifyObservers'
	...plugins\cyber_engine_tweaks\mods\flaglog\GameSession.lua:588: in function <...plugins\cyber_engine_tweaks\mods\flaglog\GameSession.lua:580>
[2023-02-06 21:45:11 UTC-05:00] [23988] init.lua:39: attempt to call a table value
stack traceback:
	init.lua:39: in function 'callback'
	...plugins\cyber_engine_tweaks\mods\flaglog\GameSession.lua:222: in function 'notifyObservers'
	...plugins\cyber_engine_tweaks\mods\flaglog\GameSession.lua:588: in function <...plugins\cyber_engine_tweaks\mods\flaglog\GameSession.lua:580>
[2023-02-06 22:25:40 UTC-05:00] [23988] init.lua:39: attempt to call a table value
stack traceback:
	init.lua:39: in function 'callback'
	...plugins\cyber_engine_tweaks\mods\flaglog\GameSession.lua:222: in function 'notifyObservers'
	...plugins\cyber_engine_tweaks\mods\flaglog\GameSession.lua:588: in function <...plugins\cyber_engine_tweaks\mods\flaglog\GameSession.lua:580>
[2023-02-09 12:40:31 UTC-05:00] [15304] init.lua:39: attempt to call a table value
stack traceback:
	init.lua:39: in function 'callback'
	...plugins\cyber_engine_tweaks\mods\flaglog\GameSession.lua:222: in function 'notifyObservers'
	...plugins\cyber_engine_tweaks\mods\flaglog\GameSession.lua:588: in function <...plugins\cyber_engine_tweaks\mods\flaglog\GameSession.lua:580>
[2023-02-09 13:46:55 UTC-05:00] [15304] init.lua:39: attempt to call a table value
stack traceback:
	init.lua:39: in function 'callback'
	...plugins\cyber_engine_tweaks\mods\flaglog\GameSession.lua:222: in function 'notifyObservers'
	...plugins\cyber_engine_tweaks\mods\flaglog\GameSession.lua:588: in function <...plugins\cyber_engine_tweaks\mods\flaglog\GameSession.lua:580>
